app/build/intermediates/manifest_merge_blame_file/debug/manifest-merger-blame-debug-report.txt
1<?xml version="1.0" encoding="utf-8"?>
2<manifest xmlns:android="http://schemas.android.com/apk/res/android"
3    package="com.ghost.keyboard"
4    android:versionCode="1"
5    android:versionName="1.0" >
6
7    <uses-sdk
8        android:minSdkVersion="21"
9        android:targetSdkVersion="34" />
10
11    <uses-permission android:name="android.permission.VIBRATE" />
11-->src/main/AndroidManifest.xml:4:5-65
11-->src/main/AndroidManifest.xml:4:22-63
12
13    <permission
13-->[androidx.core:core:1.9.0] AndroidManifest.xml:22:5-24:47
14        android:name="com.ghost.keyboard.DYNAMIC_RECEIVER_NOT_EXPORTED_PERMISSION"
14-->[androidx.core:core:1.9.0] AndroidManifest.xml:23:9-81
15        android:protectionLevel="signature" />
15-->[androidx.core:core:1.9.0] AndroidManifest.xml:24:9-44
16
17    <uses-permission android:name="com.ghost.keyboard.DYNAMIC_RECEIVER_NOT_EXPORTED_PERMISSION" />
17-->[androidx.core:core:1.9.0] AndroidManifest.xml:26:5-97
17-->[androidx.core:core:1.9.0] AndroidManifest.xml:26:22-94
18
19    <application
19-->src/main/AndroidManifest.xml:6:5-34:19
20        android:appComponentFactory="androidx.core.app.CoreComponentFactory"
20-->[androidx.core:core:1.9.0] AndroidManifest.xml:28:18-86
21        android:debuggable="true"
22        android:extractNativeLibs="true"
23        android:label="Ghost Keyboard"
23-->src/main/AndroidManifest.xml:7:9-39
24        android:supportsRtl="true"
24-->src/main/AndroidManifest.xml:8:9-35
25        android:theme="@android:style/Theme.Material.NoActionBar" >
25-->src/main/AndroidManifest.xml:9:9-66
26        <service
26-->src/main/AndroidManifest.xml:11:9-22:19
27            android:name="com.ghost.keyboard.GhostKeyboard"
27-->src/main/AndroidManifest.xml:12:13-42
28            android:exported="true"
28-->src/main/AndroidManifest.xml:13:13-36
29            android:label="Ghost Keyboard"
29-->src/main/AndroidManifest.xml:14:13-43
30            android:permission="android.permission.BIND_INPUT_METHOD" >
30-->src/main/AndroidManifest.xml:15:13-70
31            <intent-filter>
31-->src/main/AndroidManifest.xml:16:13-18:29
32                <action android:name="android.view.InputMethod" />
32-->src/main/AndroidManifest.xml:17:17-67
32-->src/main/AndroidManifest.xml:17:25-64
33            </intent-filter>
34
35            <meta-data
35-->src/main/AndroidManifest.xml:19:13-21:50
36                android:name="android.view.im"
36-->src/main/AndroidManifest.xml:20:17-47
37                android:resource="@xml/method" />
37-->src/main/AndroidManifest.xml:21:17-47
38        </service>
39
40        <activity
40-->src/main/AndroidManifest.xml:24:9-32:20
41            android:name="com.ghost.keyboard.SettingsActivity"
41-->src/main/AndroidManifest.xml:25:13-45
42            android:exported="true"
42-->src/main/AndroidManifest.xml:26:13-36
43            android:label="Ghost Keyboard" >
43-->src/main/AndroidManifest.xml:27:13-43
44            <intent-filter>
44-->src/main/AndroidManifest.xml:28:13-31:29
45                <action android:name="android.intent.action.MAIN" />
45-->src/main/AndroidManifest.xml:29:17-69
45-->src/main/AndroidManifest.xml:29:25-66
46
47                <category android:name="android.intent.category.LAUNCHER" />
47-->src/main/AndroidManifest.xml:30:17-77
47-->src/main/AndroidManifest.xml:30:27-74
48            </intent-filter>
49        </activity>
50
51        <provider
51-->[androidx.emoji2:emoji2:1.2.0] AndroidManifest.xml:24:9-32:20
52            android:name="androidx.startup.InitializationProvider"
52-->[androidx.emoji2:emoji2:1.2.0] AndroidManifest.xml:25:13-67
53            android:authorities="com.ghost.keyboard.androidx-startup"
53-->[androidx.emoji2:emoji2:1.2.0] AndroidManifest.xml:26:13-68
54            android:exported="false" >
54-->[androidx.emoji2:emoji2:1.2.0] AndroidManifest.xml:27:13-37
55            <meta-data
55-->[androidx.emoji2:emoji2:1.2.0] AndroidManifest.xml:29:13-31:52
56                android:name="androidx.emoji2.text.EmojiCompatInitializer"
56-->[androidx.emoji2:emoji2:1.2.0] AndroidManifest.xml:30:17-75
57                android:value="androidx.startup" />
57-->[androidx.emoji2:emoji2:1.2.0] AndroidManifest.xml:31:17-49
58            <meta-data
58-->[androidx.lifecycle:lifecycle-process:2.4.1] AndroidManifest.xml:31:13-33:52
59                android:name="androidx.lifecycle.ProcessLifecycleInitializer"
59-->[androidx.lifecycle:lifecycle-process:2.4.1] AndroidManifest.xml:32:17-78
60                android:value="androidx.startup" />
60-->[androidx.lifecycle:lifecycle-process:2.4.1] AndroidManifest.xml:33:17-49
61        </provider>
62    </application>
63
64</manifest>